<?xml version="1.0" encoding="UTF-8"?>
<!-- Generated by org.testng.reporters.JUnitReportReporter -->
<testsuite skipped="0" hostname="LAPTOP-I6QIRHOM" name="com.w2a.testcases.AddCustomerTest" tests="4" failures="0" timestamp="29 Dec 2019 06:51:39 GMT" time="2.492" errors="0">
  <testcase name="addCustomerTest" time="0.426" classname="com.w2a.testcases.AddCustomerTest"/>
  <testcase name="addCustomerTest" time="1.104" classname="com.w2a.testcases.AddCustomerTest"/>
  <testcase name="addCustomerTest" time="0.437" classname="com.w2a.testcases.AddCustomerTest"/>
  <testcase name="addCustomerTest" time="0.525" classname="com.w2a.testcases.AddCustomerTest"/>
</testsuite> <!-- com.w2a.testcases.AddCustomerTest -->
