<?xml version="1.0" encoding="UTF-8"?>
<!-- Generated by org.testng.reporters.JUnitReportReporter -->
<testsuite skipped="0" hostname="LAPTOP-I6QIRHOM" name="com.w2a.testcases.OpenAccountTest" tests="4" failures="0" timestamp="29 Dec 2019 06:51:39 GMT" time="10.096" errors="0">
  <testcase name="openAccountTest" time="2.858" classname="com.w2a.testcases.OpenAccountTest"/>
  <testcase name="openAccountTest" time="2.613" classname="com.w2a.testcases.OpenAccountTest"/>
  <testcase name="openAccountTest" time="2.335" classname="com.w2a.testcases.OpenAccountTest"/>
  <testcase name="openAccountTest" time="2.290" classname="com.w2a.testcases.OpenAccountTest"/>
</testsuite> <!-- com.w2a.testcases.OpenAccountTest -->
